|-----------------------------------------------------------------------------------------------|
| PAT_NAME                                | RUN_DATE                      | RESULT              |
|-----------------------------------------------------------------------------------------------|
| apb                                     | 11:46:57 Sep 20 2025          | PASSED              |
|-----------------------------------------------------------------------------------------------|
| rw_TCR                                  | 11:46:59 Sep 20 2025          | PASSED              |
|-----------------------------------------------------------------------------------------------|
| rw_TDR0                                 | 11:47:01 Sep 20 2025          | PASSED              |
|-----------------------------------------------------------------------------------------------|
| rw_TDR1                                 | 11:47:03 Sep 20 2025          | PASSED              |
|-----------------------------------------------------------------------------------------------|
| rw_TCMP0                                | 11:47:05 Sep 20 2025          | PASSED              |
|-----------------------------------------------------------------------------------------------|
| rw_TCMP1                                | 11:47:07 Sep 20 2025          | PASSED              |
|-----------------------------------------------------------------------------------------------|
| rw_TIER                                 | 11:47:09 Sep 20 2025          | PASSED              |
|-----------------------------------------------------------------------------------------------|
| rw_TISR                                 | 11:47:11 Sep 20 2025          | PASSED              |
|-----------------------------------------------------------------------------------------------|
| rw_reserved                             | 11:47:14 Sep 20 2025          | PASSED              |
|-----------------------------------------------------------------------------------------------|
| cnt_enVal_00                            | 11:47:16 Sep 20 2025          | PASSED              |
|-----------------------------------------------------------------------------------------------|
| cnt_enVal_01                            | 11:47:18 Sep 20 2025          | PASSED              |
|-----------------------------------------------------------------------------------------------|
| cnt_enVal_02                            | 11:47:20 Sep 20 2025          | PASSED              |
|-----------------------------------------------------------------------------------------------|
| cnt_enVal_10                            | 11:47:22 Sep 20 2025          | PASSED              |
|-----------------------------------------------------------------------------------------------|
| cnt_enVal_11                            | 11:47:24 Sep 20 2025          | PASSED              |
|-----------------------------------------------------------------------------------------------|
| cnt_enVal_12                            | 11:47:26 Sep 20 2025          | PASSED              |
|-----------------------------------------------------------------------------------------------|
| cnt_enVal_13                            | 11:47:28 Sep 20 2025          | PASSED              |
|-----------------------------------------------------------------------------------------------|
| cnt_enVal_14                            | 11:47:30 Sep 20 2025          | PASSED              |
|-----------------------------------------------------------------------------------------------|
| cnt_enVal_15                            | 11:47:32 Sep 20 2025          | PASSED              |
|-----------------------------------------------------------------------------------------------|
| cnt_enVal_16                            | 11:47:34 Sep 20 2025          | PASSED              |
|-----------------------------------------------------------------------------------------------|
| cnt_enVal_17                            | 11:47:36 Sep 20 2025          | PASSED              |
|-----------------------------------------------------------------------------------------------|
| cnt_enVal_18                            | 11:47:39 Sep 20 2025          | PASSED              |
|-----------------------------------------------------------------------------------------------|
| interrupt                               | 11:47:41 Sep 20 2025          | PASSED              |
|-----------------------------------------------------------------------------------------------|
